[ 2019-04-11T08:51:08+08:00 ] 127.0.0.1 /index.php/admin/user/Public/Uploads/User/20190410/sm_5cadd66ca2b95.jpg
INFO: [ app_init ] --START--
INFO: Run Behavior\BuildLiteBehavior [ RunTime:0.000028s ]
INFO: [ app_init ] --END-- [ RunTime:0.000629s ]

[ 2019-04-11T08:51:08+08:00 ] 127.0.0.1 /index.php/admin/user/Public/Uploads/User/20190410/sm_5cadd7ff77564.png
INFO: [ app_init ] --START--
INFO: Run Behavior\BuildLiteBehavior [ RunTime:0.000053s ]
INFO: [ app_init ] --END-- [ RunTime:0.000852s ]

[ 2019-04-11T08:51:08+08:00 ] 127.0.0.1 /index.php/admin/user/Public/Uploads/User/20190410/sm_5cadd80bb7942.gif
INFO: [ app_init ] --START--
INFO: Run Behavior\BuildLiteBehavior [ RunTime:0.000042s ]
INFO: [ app_init ] --END-- [ RunTime:0.000761s ]

[ 2019-04-11T08:51:08+08:00 ] 127.0.0.1 /index.php/admin/user/Public/Uploads/User/20190410/sm_5cadd8c39b224.png
INFO: [ app_init ] --START--
INFO: Run Behavior\BuildLiteBehavior [ RunTime:0.000029s ]
INFO: [ app_init ] --END-- [ RunTime:0.000951s ]

[ 2019-04-11T08:53:17+08:00 ] 127.0.0.1 /Public/Uploads/User/20190411/sm_5cae8ffa78e46.png
INFO: [ app_init ] --START--
INFO: Run Behavior\BuildLiteBehavior [ RunTime:0.000027s ]
INFO: [ app_init ] --END-- [ RunTime:0.000725s ]

[ 2019-04-11T08:54:36+08:00 ] 127.0.0.1 /Public/Uploads/User/20190411/sm_5cae90463e91c.png
INFO: [ app_init ] --START--
INFO: Run Behavior\BuildLiteBehavior [ RunTime:0.000017s ]
INFO: [ app_init ] --END-- [ RunTime:0.000407s ]

[ 2019-04-11T08:55:23+08:00 ] 127.0.0.1 /Public/Uploads/User/20190411/sm_5cae90463e91c.png
INFO: [ app_init ] --START--
INFO: Run Behavior\BuildLiteBehavior [ RunTime:0.000016s ]
INFO: [ app_init ] --END-- [ RunTime:0.000337s ]

[ 2019-04-11T08:55:47+08:00 ] 127.0.0.1 /Public/Uploads/User/20190411/sm_5cae90463e91c.png
INFO: [ app_init ] --START--
INFO: Run Behavior\BuildLiteBehavior [ RunTime:0.000017s ]
INFO: [ app_init ] --END-- [ RunTime:0.000326s ]

[ 2019-04-11T08:55:49+08:00 ] 127.0.0.1 /Public/Uploads/User/20190411/sm_5cae90463e91c.png
INFO: [ app_init ] --START--
INFO: Run Behavior\BuildLiteBehavior [ RunTime:0.000035s ]
INFO: [ app_init ] --END-- [ RunTime:0.000386s ]

[ 2019-04-11T08:56:28+08:00 ] 127.0.0.1 /Public/Uploads/User/20190411/sm_5cae90463e91c.png
INFO: [ app_init ] --START--
INFO: Run Behavior\BuildLiteBehavior [ RunTime:0.000042s ]
INFO: [ app_init ] --END-- [ RunTime:0.000646s ]

[ 2019-04-11T08:56:32+08:00 ] 127.0.0.1 /Public/Uploads/User/20190411/sm_5cae90463e91c.png
INFO: [ app_init ] --START--
INFO: Run Behavior\BuildLiteBehavior [ RunTime:0.000017s ]
INFO: [ app_init ] --END-- [ RunTime:0.000415s ]

[ 2019-04-11T08:56:34+08:00 ] 127.0.0.1 /Public/Uploads/User/20190411/sm_5cae90463e91c.png
INFO: [ app_init ] --START--
INFO: Run Behavior\BuildLiteBehavior [ RunTime:0.000020s ]
INFO: [ app_init ] --END-- [ RunTime:0.000357s ]

[ 2019-04-11T08:56:59+08:00 ] 127.0.0.1 /Public/Uploads/User/20190411/sm_5cae90463e91c.png
INFO: [ app_init ] --START--
INFO: Run Behavior\BuildLiteBehavior [ RunTime:0.000018s ]
INFO: [ app_init ] --END-- [ RunTime:0.000495s ]

[ 2019-04-11T08:57:01+08:00 ] 127.0.0.1 /Public/Uploads/User/20190411/sm_5cae90463e91c.png
INFO: [ app_init ] --START--
INFO: Run Behavior\BuildLiteBehavior [ RunTime:0.000018s ]
INFO: [ app_init ] --END-- [ RunTime:0.000501s ]

[ 2019-04-11T08:57:03+08:00 ] 127.0.0.1 /Public/Uploads/User/20190411/sm_5cae90463e91c.png
INFO: [ app_init ] --START--
INFO: Run Behavior\BuildLiteBehavior [ RunTime:0.000027s ]
INFO: [ app_init ] --END-- [ RunTime:0.000582s ]

[ 2019-04-11T09:03:36+08:00 ] 127.0.0.1 /Public/Uploads/User/20190411/sm_5cae92657708a.jpg
INFO: [ app_init ] --START--
INFO: Run Behavior\BuildLiteBehavior [ RunTime:0.000035s ]
INFO: [ app_init ] --END-- [ RunTime:0.000755s ]

[ 2019-04-11T09:04:18+08:00 ] 127.0.0.1 /Public/Uploads/User/20190411/sm_5cae92657708a.jpg
INFO: [ app_init ] --START--
INFO: Run Behavior\BuildLiteBehavior [ RunTime:0.000036s ]
INFO: [ app_init ] --END-- [ RunTime:0.000858s ]

[ 2019-04-11T09:04:22+08:00 ] 127.0.0.1 /Public/Uploads/User/20190411/sm_5cae92657708a.jpg
INFO: [ app_init ] --START--
INFO: Run Behavior\BuildLiteBehavior [ RunTime:0.000029s ]
INFO: [ app_init ] --END-- [ RunTime:0.000671s ]

[ 2019-04-11T09:04:23+08:00 ] 127.0.0.1 /Public/Uploads/User/20190411/sm_5cae92657708a.jpg
INFO: [ app_init ] --START--
INFO: Run Behavior\BuildLiteBehavior [ RunTime:0.000026s ]
INFO: [ app_init ] --END-- [ RunTime:0.000564s ]

[ 2019-04-11T09:05:12+08:00 ] 127.0.0.1 /Public/Uploads/User/20190411/sm_5cae92657708a.jpg
INFO: [ app_init ] --START--
INFO: Run Behavior\BuildLiteBehavior [ RunTime:0.000022s ]
INFO: [ app_init ] --END-- [ RunTime:0.000601s ]

[ 2019-04-11T09:06:05+08:00 ] 127.0.0.1 /Public/Uploads/User/20190411/sm_5cae92fa9d6e5.gif
INFO: [ app_init ] --START--
INFO: Run Behavior\BuildLiteBehavior [ RunTime:0.000017s ]
INFO: [ app_init ] --END-- [ RunTime:0.000366s ]

[ 2019-04-11T09:07:50+08:00 ] 127.0.0.1 /Public/Uploads/User/20190411/sm_5cae92fa9d6e5.gif
INFO: [ app_init ] --START--
INFO: Run Behavior\BuildLiteBehavior [ RunTime:0.000045s ]
INFO: [ app_init ] --END-- [ RunTime:0.000789s ]

[ 2019-04-11T09:07:52+08:00 ] 127.0.0.1 /Public/Uploads/User/20190411/sm_5cae92fa9d6e5.gif
INFO: [ app_init ] --START--
INFO: Run Behavior\BuildLiteBehavior [ RunTime:0.000034s ]
INFO: [ app_init ] --END-- [ RunTime:0.000700s ]

[ 2019-04-11T16:09:54+08:00 ] 127.0.0.1 /index.php/index
INFO: [ app_init ] --START--
INFO: Run Behavior\BuildLiteBehavior [ RunTime:0.000023s ]
INFO: [ app_init ] --END-- [ RunTime:0.000401s ]
ERR: 无法加载模块:Index

[ 2019-04-11T16:10:00+08:00 ] 127.0.0.1 /index.php/index/index
INFO: [ app_init ] --START--
INFO: Run Behavior\BuildLiteBehavior [ RunTime:0.000022s ]
INFO: [ app_init ] --END-- [ RunTime:0.000386s ]
ERR: 无法加载模块:Index

[ 2019-04-11T16:40:37+08:00 ] 127.0.0.1 /index.php/admin/link/Public/Uploads/Link/20190411/sm_5caefba91b7ff.png
INFO: [ app_init ] --START--
INFO: Run Behavior\BuildLiteBehavior [ RunTime:0.000024s ]
INFO: [ app_init ] --END-- [ RunTime:0.000551s ]

[ 2019-04-11T16:58:52+08:00 ] 127.0.0.1 /favicon.ico
INFO: [ app_init ] --START--
INFO: Run Behavior\BuildLiteBehavior [ RunTime:0.000016s ]
INFO: [ app_init ] --END-- [ RunTime:0.000495s ]

[ 2019-04-11T20:02:51+08:00 ] 127.0.0.1 /index.php/home/Public/Uploads/Link/20190411/5caefba91b7ff.png
INFO: [ app_init ] --START--
INFO: Run Behavior\BuildLiteBehavior [ RunTime:0.000032s ]
INFO: [ app_init ] --END-- [ RunTime:0.000597s ]

[ 2019-04-11T20:02:51+08:00 ] 127.0.0.1 /index.php/home/Public/Uploads/Link/20190411/5caf2a7237192.jpg
INFO: [ app_init ] --START--
INFO: Run Behavior\BuildLiteBehavior [ RunTime:0.000031s ]
INFO: [ app_init ] --END-- [ RunTime:0.000664s ]

[ 2019-04-11T20:02:51+08:00 ] 127.0.0.1 /index.php/home/Public/Uploads/Link/20190411/5caf2ba68403d.png
INFO: [ app_init ] --START--
INFO: Run Behavior\BuildLiteBehavior [ RunTime:0.000032s ]
INFO: [ app_init ] --END-- [ RunTime:0.000710s ]

[ 2019-04-11T20:02:51+08:00 ] 127.0.0.1 /index.php/home/Public/Uploads/Link/20190411/5caf28694f0d0.png
INFO: [ app_init ] --START--
INFO: Run Behavior\BuildLiteBehavior [ RunTime:0.000087s ]
INFO: [ app_init ] --END-- [ RunTime:0.001274s ]

[ 2019-04-11T20:02:51+08:00 ] 127.0.0.1 /index.php/home/Public/Uploads/Link/20190411/5caf2bf07b55d.png
INFO: [ app_init ] --START--
INFO: Run Behavior\BuildLiteBehavior [ RunTime:0.000046s ]
INFO: [ app_init ] --END-- [ RunTime:0.000995s ]

[ 2019-04-11T20:02:59+08:00 ] 127.0.0.1 /favicon.ico
INFO: [ app_init ] --START--
INFO: Run Behavior\BuildLiteBehavior [ RunTime:0.000031s ]
INFO: [ app_init ] --END-- [ RunTime:0.000477s ]

[ 2019-04-11T20:04:17+08:00 ] 127.0.0.1 /favicon.ico
INFO: [ app_init ] --START--
INFO: Run Behavior\BuildLiteBehavior [ RunTime:0.000024s ]
INFO: [ app_init ] --END-- [ RunTime:0.000627s ]

[ 2019-04-11T20:05:15+08:00 ] 127.0.0.1 /favicon.ico
INFO: [ app_init ] --START--
INFO: Run Behavior\BuildLiteBehavior [ RunTime:0.000090s ]
INFO: [ app_init ] --END-- [ RunTime:0.001494s ]

[ 2019-04-11T20:05:20+08:00 ] 127.0.0.1 /favicon.ico
INFO: [ app_init ] --START--
INFO: Run Behavior\BuildLiteBehavior [ RunTime:0.000019s ]
INFO: [ app_init ] --END-- [ RunTime:0.000473s ]

[ 2019-04-11T20:07:05+08:00 ] 127.0.0.1 /favicon.ico
INFO: [ app_init ] --START--
INFO: Run Behavior\BuildLiteBehavior [ RunTime:0.000037s ]
INFO: [ app_init ] --END-- [ RunTime:0.000709s ]

[ 2019-04-11T20:07:07+08:00 ] 127.0.0.1 /favicon.ico
INFO: [ app_init ] --START--
INFO: Run Behavior\BuildLiteBehavior [ RunTime:0.000037s ]
INFO: [ app_init ] --END-- [ RunTime:0.000723s ]

[ 2019-04-11T20:08:40+08:00 ] 127.0.0.1 /favicon.ico
INFO: [ app_init ] --START--
INFO: Run Behavior\BuildLiteBehavior [ RunTime:0.000021s ]
INFO: [ app_init ] --END-- [ RunTime:0.000512s ]

[ 2019-04-11T22:28:52+08:00 ] 127.0.0.1 /favicon.ico
INFO: [ app_init ] --START--
INFO: Run Behavior\BuildLiteBehavior [ RunTime:0.000050s ]
INFO: [ app_init ] --END-- [ RunTime:0.001304s ]

[ 2019-04-11T22:29:47+08:00 ] 127.0.0.1 /favicon.ico
INFO: [ app_init ] --START--
INFO: Run Behavior\BuildLiteBehavior [ RunTime:0.000037s ]
INFO: [ app_init ] --END-- [ RunTime:0.000839s ]

[ 2019-04-11T22:30:44+08:00 ] 127.0.0.1 /favicon.ico
INFO: [ app_init ] --START--
INFO: Run Behavior\BuildLiteBehavior [ RunTime:0.000047s ]
INFO: [ app_init ] --END-- [ RunTime:0.001055s ]

[ 2019-04-11T22:30:51+08:00 ] 127.0.0.1 /favicon.ico
INFO: [ app_init ] --START--
INFO: Run Behavior\BuildLiteBehavior [ RunTime:0.000043s ]
INFO: [ app_init ] --END-- [ RunTime:0.000877s ]

[ 2019-04-11T22:31:06+08:00 ] 127.0.0.1 /favicon.ico
INFO: [ app_init ] --START--
INFO: Run Behavior\BuildLiteBehavior [ RunTime:0.000036s ]
INFO: [ app_init ] --END-- [ RunTime:0.001147s ]

[ 2019-04-11T22:31:20+08:00 ] 127.0.0.1 /favicon.ico
INFO: [ app_init ] --START--
INFO: Run Behavior\BuildLiteBehavior [ RunTime:0.000052s ]
INFO: [ app_init ] --END-- [ RunTime:0.001127s ]

[ 2019-04-11T22:31:47+08:00 ] 127.0.0.1 /favicon.ico
INFO: [ app_init ] --START--
INFO: Run Behavior\BuildLiteBehavior [ RunTime:0.000036s ]
INFO: [ app_init ] --END-- [ RunTime:0.000854s ]

