[ 2019-04-10T14:41:05+08:00 ] 127.0.0.1 /part/index
INFO: [ app_init ] --START--
INFO: Run Behavior\BuildLiteBehavior [ RunTime:0.000038s ]
INFO: [ app_init ] --END-- [ RunTime:0.000736s ]
ERR: 无法加载模块:Part

[ 2019-04-10T14:41:30+08:00 ] 127.0.0.1 /part/index
INFO: [ app_init ] --START--
INFO: Run Behavior\BuildLiteBehavior [ RunTime:0.000027s ]
INFO: [ app_init ] --END-- [ RunTime:0.000464s ]
ERR: 无法加载模块:Part

[ 2019-04-10T16:19:58+08:00 ] 127.0.0.1 /images/forum_new.gif
INFO: [ app_init ] --START--
INFO: Run Behavior\BuildLiteBehavior [ RunTime:0.000027s ]
INFO: [ app_init ] --END-- [ RunTime:0.000538s ]

[ 2019-04-10T16:19:58+08:00 ] 127.0.0.1 /images/20080926_9b2baec56b95a9ae46ab8ir8uBrEJQjx.gif
INFO: [ app_init ] --START--
INFO: Run Behavior\BuildLiteBehavior [ RunTime:0.000037s ]
INFO: [ app_init ] --END-- [ RunTime:0.000956s ]

[ 2019-04-10T16:21:13+08:00 ] 127.0.0.1 /images/forum_new.gif
INFO: [ app_init ] --START--
INFO: Run Behavior\BuildLiteBehavior [ RunTime:0.000025s ]
INFO: [ app_init ] --END-- [ RunTime:0.000724s ]

[ 2019-04-10T16:21:17+08:00 ] 127.0.0.1 /images/forum_new.gif
INFO: [ app_init ] --START--
INFO: Run Behavior\BuildLiteBehavior [ RunTime:0.000051s ]
INFO: [ app_init ] --END-- [ RunTime:0.000778s ]

[ 2019-04-10T16:51:59+08:00 ] 127.0.0.1 /index.php/index/index/pid/2
INFO: [ app_init ] --START--
INFO: Run Behavior\BuildLiteBehavior [ RunTime:0.000025s ]
INFO: [ app_init ] --END-- [ RunTime:0.000457s ]
ERR: 无法加载模块:Index

[ 2019-04-10T16:52:25+08:00 ] 127.0.0.1 /index.php/index/index/index/pid/2
INFO: [ app_init ] --START--
INFO: Run Behavior\BuildLiteBehavior [ RunTime:0.000021s ]
INFO: [ app_init ] --END-- [ RunTime:0.000434s ]
ERR: 无法加载模块:Index

[ 2019-04-10T16:52:42+08:00 ] 127.0.0.1 /index.php/Index/index/index/pid/2
INFO: [ app_init ] --START--
INFO: Run Behavior\BuildLiteBehavior [ RunTime:0.000017s ]
INFO: [ app_init ] --END-- [ RunTime:0.000325s ]
ERR: 无法加载模块:Index

[ 2019-04-10T16:52:53+08:00 ] 127.0.0.1 /index.php/home/index/index/pid/Public/Home/images/forum_new.gif
INFO: [ app_init ] --START--
INFO: Run Behavior\BuildLiteBehavior [ RunTime:0.000024s ]
INFO: [ app_init ] --END-- [ RunTime:0.000819s ]

-END-- [ RunTime:0.000582s ]

[ 2019-04-10T16:52:54+08:00 ] 127.0.0.1 /index.php/home/index/index/pid/Public/Home/images/20080926_9b2baec56b95a9ae46ab8ir8uBrEJQjx.gif
INFO: [ app_init ] --START--
INFO: Run Behavior\BuildLiteBehavior [ RunTime:0.000050s ]
INFO: [ app_init ] --END-- [ RunTime:0.000906s ]

[ 2019-04-10T16:52:55+08:00 ] 127.0.0.1 /index.php/home/index/index/pid/Public/Home/images/20080926_9b2baec56b95a9ae46ab8ir8uBrEJQjx.gif
INFO: [ app_init ] --START--
INFO: Run Behavior\BuildLiteBehavior [ RunTime:0.000028s ]
INFO: [ app_init ] --END-- [ RunTime:0.000570s ]

[ 2019-04-10T16:52:56+08:00 ] 127.0.0.1 /index.php/home/index/index/pid/Public/Home/images/20080926_9b2baec56b95a9ae46ab8ir8uBrEJQjx.gif
INFO: [ app_init ] --START--
INFO: Run Behavior\BuildLiteBehavior [ RunTime:0.000041s ]
INFO: [ app_init ] --END-- [ RunTime:0.000835s ]

[ 2019-04-10T16:52:56+08:00 ] 127.0.0.1 /index.php/home/index/index/pid/Public/Home/images/forum_new.gif
INFO: [ app_init ] --START--
INFO: Run Behavior\BuildLiteBehavior [ RunTime:0.000033s ]
INFO: [ app_init ] --END-- [ RunTime:0.000487s ]

[ 2019-04-10T16:52:56+08:00 ] 127.0.0.1 /index.php/home/index/index/pid/Public/Home/images/20080926_9b2baec56b95a9ae46ab8ir8uBrEJQjx.gif
INFO: [ app_init ] --START--
INFO: Run Behavior\BuildLiteBehavior [ RunTime:0.000019s ]
INFO: [ app_init ] --END-- [ RunTime:0.000361s ]

[ 2019-04-10T16:52:59+08:00 ] 127.0.0.1 /index.php/home/index/index/pid/Public/Home/images/forum_new.gif
INFO: [ app_init ] --START--
INFO: Run Behavior\BuildLiteBehavior [ RunTime:0.000018s ]
INFO: [ app_init ] --END-- [ RunTime:0.000367s ]

[ 2019-04-10T16:52:59+08:00 ] 127.0.0.1 /index.php/home/index/index/pid/Public/Home/images/20080926_9b2baec56b95a9ae46ab8ir8uBrEJQjx.gif
INFO: [ app_init ] --START--
INFO: Run Behavior\BuildLiteBehavior [ RunTime:0.000022s ]
INFO: [ app_init ] --END-- [ RunTime:0.000493s ]

[ 2019-04-10T16:53:02+08:00 ] 127.0.0.1 /index.php/home/index/index/pid/Public/Home/images/forum_new.gif
INFO: [ app_init ] --START--
INFO: Run Behavior\BuildLiteBehavior [ RunTime:0.000023s ]
INFO: [ app_init ] --END-- [ RunTime:0.000895s ]

[ 2019-04-10T16:53:02+08:00 ] 127.0.0.1 /index.php/home/index/index/pid/Public/Home/images/20080926_9b2baec56b95a9ae46ab8ir8uBrEJQjx.gif
INFO: [ app_init ] --START--
INFO: Run Behavior\BuildLiteBehavior [ RunTime:0.000023s ]
INFO: [ app_init ] --END-- [ RunTime:0.000387s ]

[ 2019-04-10T16:53:02+08:00 ] 127.0.0.1 /index.php/home/index/index/pid/Public/Home/images/forum_new.gif
INFO: [ app_init ] --START--
INFO: Run Behavior\BuildLiteBehavior [ RunTime:0.000053s ]
INFO: [ app_init ] --END-- [ RunTime:0.000594s ]

[ 2019-04-10T16:53:02+08:00 ] 127.0.0.1 /index.php/home/index/index/pid/Public/Home/images/20080926_9b2baec56b95a9ae46ab8ir8uBrEJQjx.gif
INFO: [ app_init ] --START--
INFO: Run Behavior\BuildLiteBehavior [ RunTime:0.000040s ]
INFO: [ app_init ] --END-- [ RunTime:0.000442s ]

[ 2019-04-10T16:53:03+08:00 ] 127.0.0.1 /index.php/home/index/index/pid/Public/Home/images/forum_new.gif
INFO: [ app_init ] --START--
INFO: Run Behavior\BuildLiteBehavior [ RunTime:0.000015s ]
INFO: [ app_init ] --END-- [ RunTime:0.000317s ]

[ 2019-04-10T16:53:03+08:00 ] 127.0.0.1 /index.php/home/index/index/pid/Public/Home/images/20080926_9b2baec56b95a9ae46ab8ir8uBrEJQjx.gif
INFO: [ app_init ] --START--
INFO: Run Behavior\BuildLiteBehavior [ RunTime:0.000039s ]
INFO: [ app_init ] --END-- [ RunTime:0.000636s ]

[ 2019-04-10T16:53:12+08:00 ] 127.0.0.1 /index.php/home/index/index/pid/Public/Home/images/20080926_9b2baec56b95a9ae46ab8ir8uBrEJQjx.gif
INFO: [ app_init ] --START--
INFO: Run Behavior\BuildLiteBehavior [ RunTime:0.000019s ]
INFO: [ app_init ] --END-- [ RunTime:0.000333s ]

[ 2019-04-10T16:53:24+08:00 ] 127.0.0.1 /index.php/home/index/index/pid/Public/Home/images/20080926_9b2baec56b95a9ae46ab8ir8uBrEJQjx.gif
INFO: [ app_init ] --START--
INFO: Run Behavior\BuildLiteBehavior [ RunTime:0.000060s ]
INFO: [ app_init ] --END-- [ RunTime:0.000560s ]

[ 2019-04-10T19:08:41+08:00 ] 127.0.0.1 /index.php/admin/user/edit/uid/Public/Uploads/User/20190409/5cac9334c1ac6.gif
INFO: [ app_init ] --START--
INFO: Run Behavior\BuildLiteBehavior [ RunTime:0.000020s ]
INFO: [ app_init ] --END-- [ RunTime:0.000454s ]

[ 2019-04-10T19:09:05+08:00 ] 127.0.0.1 /index.php/admin/user/edit/uid/Public/Uploads/User/20190409/5cac9334c1ac6.gif
INFO: [ app_init ] --START--
INFO: Run Behavior\BuildLiteBehavior [ RunTime:0.000018s ]
INFO: [ app_init ] --END-- [ RunTime:0.000392s ]

[ 2019-04-10T19:09:07+08:00 ] 127.0.0.1 /index.php/admin/user/edit/uid/Public/Uploads/User/20190409/5cac9334c1ac6.gif
INFO: [ app_init ] --START--
INFO: Run Behavior\BuildLiteBehavior [ RunTime:0.000019s ]
INFO: [ app_init ] --END-- [ RunTime:0.000429s ]

[ 2019-04-10T19:09:14+08:00 ] 127.0.0.1 /index.php/admin/user/edit/uid/Public/Uploads/User/20190409/5cac9334c1ac6.gif
INFO: [ app_init ] --START--
INFO: Run Behavior\BuildLiteBehavior [ RunTime:0.000017s ]
INFO: [ app_init ] --END-- [ RunTime:0.000401s ]

[ 2019-04-10T19:37:42+08:00 ] 127.0.0.1 /Public/Uploads/User/20190410/sm_5cadd50a4e3f7.png
INFO: [ app_init ] --START--
INFO: Run Behavior\BuildLiteBehavior [ RunTime:0.000017s ]
INFO: [ app_init ] --END-- [ RunTime:0.000662s ]

[ 2019-04-10T19:41:28+08:00 ] 127.0.0.1 /Public/Uploads/User/20190409/sm_5cac9334c1ac6.gif
INFO: [ app_init ] --START--
INFO: Run Behavior\BuildLiteBehavior [ RunTime:0.000058s ]
INFO: [ app_init ] --END-- [ RunTime:0.000737s ]

[ 2019-04-10T19:41:28+08:00 ] 127.0.0.1 /Public/Uploads/User/20190410/sm_5cadd5c539c20.png
INFO: [ app_init ] --START--
INFO: Run Behavior\BuildLiteBehavior [ RunTime:0.000025s ]
INFO: [ app_init ] --END-- [ RunTime:0.003917s ]

[ 2019-04-10T19:41:28+08:00 ] 127.0.0.1 /Public/Uploads/User/20190409/sm_5cac4e5d51f0f.png
INFO: [ app_init ] --START--
INFO: Run Behavior\BuildLiteBehavior [ RunTime:0.000017s ]
INFO: [ app_init ] --END-- [ RunTime:0.000350s ]

[ 2019-04-10T19:41:28+08:00 ] 127.0.0.1 /Public/Uploads/User/20190410/sm_5cadd5d04969a.png
INFO: [ app_init ] --START--
INFO: Run Behavior\BuildLiteBehavior [ RunTime:0.000016s ]
INFO: [ app_init ] --END-- [ RunTime:0.000376s ]

[ 2019-04-10T19:41:29+08:00 ] 127.0.0.1 /Public/Uploads/User/20190409/sm_5cac9334c1ac6.gif
INFO: [ app_init ] --START--
INFO: Run Behavior\BuildLiteBehavior [ RunTime:0.000018s ]
INFO: [ app_init ] --END-- [ RunTime:0.000457s ]

[ 2019-04-10T19:41:34+08:00 ] 127.0.0.1 /Public/Uploads/User/20190410/sm_5cadd5c539c20.png
INFO: [ app_init ] --START--
INFO: Run Behavior\BuildLiteBehavior [ RunTime:0.000019s ]
INFO: [ app_init ] --END-- [ RunTime:0.000461s ]

[ 2019-04-10T19:41:34+08:00 ] 127.0.0.1 /Public/Uploads/User/20190410/sm_5cadd5d04969a.png
INFO: [ app_init ] --START--
INFO: Run Behavior\BuildLiteBehavior [ RunTime:0.000042s ]
INFO: [ app_init ] --END-- [ RunTime:0.000679s ]

[ 2019-04-10T19:41:34+08:00 ] 127.0.0.1 /Public/Uploads/User/20190409/sm_5cac4e5d51f0f.png
INFO: [ app_init ] --START--
INFO: Run Behavior\BuildLiteBehavior [ RunTime:0.000057s ]
INFO: [ app_init ] --END-- [ RunTime:0.001751s ]

[ 2019-04-10T19:42:27+08:00 ] 127.0.0.1 /favicon.ico
INFO: [ app_init ] --START--
INFO: Run Behavior\BuildLiteBehavior [ RunTime:0.000095s ]
INFO: [ app_init ] --END-- [ RunTime:0.001615s ]

[ 2019-04-10T22:22:31+08:00 ] 127.0.0.1 /favicon.ico
INFO: [ app_init ] --START--
INFO: Run Behavior\BuildLiteBehavior [ RunTime:0.000019s ]
INFO: [ app_init ] --END-- [ RunTime:0.000463s ]

