[ 2019-04-16T08:31:34+08:00 ] 127.0.0.1 /admin
INFO: [ app_init ] --START--
INFO: Run Behavior\BuildLiteBehavior [ RunTime:0.000021s ]
INFO: [ app_init ] --END-- [ RunTime:0.000547s ]
INFO: [ app_begin ] --START--
INFO: Run Behavior\ReadHtmlCacheBehavior [ RunTime:0.000649s ]
INFO: [ app_begin ] --END-- [ RunTime:0.000729s ]
INFO: [ view_parse ] --START--
INFO: [ template_filter ] --START--
INFO: Run Behavior\ContentReplaceBehavior [ RunTime:0.000062s ]
INFO: [ template_filter ] --END-- [ RunTime:0.000177s ]
INFO: Run Behavior\ParseTemplateBehavior [ RunTime:0.029727s ]
INFO: [ view_parse ] --END-- [ RunTime:0.029870s ]
INFO: [ view_filter ] --START--
INFO: Run Behavior\WriteHtmlCacheBehavior [ RunTime:0.000438s ]
INFO: [ view_filter ] --END-- [ RunTime:0.000505s ]

[ 2019-04-16T08:31:35+08:00 ] 127.0.0.1 /index.php/admin/login/login
INFO: [ app_init ] --START--
INFO: Run Behavior\BuildLiteBehavior [ RunTime:0.000020s ]
INFO: [ app_init ] --END-- [ RunTime:0.000399s ]
INFO: [ app_begin ] --START--
INFO: Run Behavior\ReadHtmlCacheBehavior [ RunTime:0.000436s ]
INFO: [ app_begin ] --END-- [ RunTime:0.000512s ]
INFO: [ view_parse ] --START--
INFO: [ template_filter ] --START--
INFO: Run Behavior\ContentReplaceBehavior [ RunTime:0.000095s ]
INFO: [ template_filter ] --END-- [ RunTime:0.000227s ]
INFO: Run Behavior\ParseTemplateBehavior [ RunTime:0.018184s ]
INFO: [ view_parse ] --END-- [ RunTime:0.018283s ]
INFO: [ view_filter ] --START--
INFO: Run Behavior\WriteHtmlCacheBehavior [ RunTime:0.000290s ]
INFO: [ view_filter ] --END-- [ RunTime:0.000358s ]
INFO: [ app_end ] --START--
INFO: Run Behavior\ShowPageTraceBehavior [ RunTime:0.000741s ]
INFO: [ app_end ] --END-- [ RunTime:0.000810s ]

[ 2019-04-16T08:31:36+08:00 ] 127.0.0.1 /index.php/admin/login/getCode
INFO: [ app_init ] --START--
INFO: Run Behavior\BuildLiteBehavior [ RunTime:0.000020s ]
INFO: [ app_init ] --END-- [ RunTime:0.000415s ]
INFO: [ app_begin ] --START--
INFO: Run Behavior\ReadHtmlCacheBehavior [ RunTime:0.000659s ]
INFO: [ app_begin ] --END-- [ RunTime:0.000739s ]
INFO: [ app_end ] --START--
INFO: Run Behavior\ShowPageTraceBehavior [ RunTime:0.000798s ]
INFO: [ app_end ] --END-- [ RunTime:0.000900s ]

[ 2019-04-16T08:31:47+08:00 ] 127.0.0.1 /index.php/admin/login/dologin
INFO: [ app_init ] --START--
INFO: Run Behavior\BuildLiteBehavior [ RunTime:0.000017s ]
INFO: [ app_init ] --END-- [ RunTime:0.000386s ]
INFO: [ app_begin ] --START--
INFO: Run Behavior\ReadHtmlCacheBehavior [ RunTime:0.000433s ]
INFO: [ app_begin ] --END-- [ RunTime:0.000521s ]
SQL: SHOW COLUMNS FROM `bbs_user` [ RunTime:0.0017s ]
SQL: SELECT * FROM `bbs_user` WHERE ( uname='admin' ) LIMIT 1   [ RunTime:0.0005s ]
INFO: [ view_parse ] --START--
INFO: [ template_filter ] --START--
INFO: Run Behavior\ContentReplaceBehavior [ RunTime:0.000047s ]
INFO: [ template_filter ] --END-- [ RunTime:0.000131s ]
INFO: Run Behavior\ParseTemplateBehavior [ RunTime:0.011290s ]
INFO: [ view_parse ] --END-- [ RunTime:0.011371s ]
INFO: [ view_filter ] --START--
INFO: Run Behavior\WriteHtmlCacheBehavior [ RunTime:0.000535s ]
INFO: [ view_filter ] --END-- [ RunTime:0.000601s ]

[ 2019-04-16T08:31:49+08:00 ] 127.0.0.1 /index.php/admin/login/getCode
INFO: [ app_init ] --START--
INFO: Run Behavior\BuildLiteBehavior [ RunTime:0.000036s ]
INFO: [ app_init ] --END-- [ RunTime:0.000981s ]
INFO: [ app_begin ] --START--
INFO: Run Behavior\ReadHtmlCacheBehavior [ RunTime:0.000873s ]
INFO: [ app_begin ] --END-- [ RunTime:0.001048s ]
INFO: [ app_end ] --START--
INFO: Run Behavior\ShowPageTraceBehavior [ RunTime:0.002028s ]
INFO: [ app_end ] --END-- [ RunTime:0.002210s ]

[ 2019-04-16T08:31:56+08:00 ] 127.0.0.1 /index.php/admin/login/dologin
INFO: [ app_init ] --START--
INFO: Run Behavior\BuildLiteBehavior [ RunTime:0.000021s ]
INFO: [ app_init ] --END-- [ RunTime:0.000384s ]
INFO: [ app_begin ] --START--
INFO: Run Behavior\ReadHtmlCacheBehavior [ RunTime:0.000420s ]
INFO: [ app_begin ] --END-- [ RunTime:0.000495s ]
SQL: SHOW COLUMNS FROM `bbs_user` [ RunTime:0.0021s ]
SQL: SELECT * FROM `bbs_user` WHERE ( uname='admin' ) LIMIT 1   [ RunTime:0.0027s ]
INFO: [ view_parse ] --START--
INFO: [ template_filter ] --START--
INFO: Run Behavior\ContentReplaceBehavior [ RunTime:0.000047s ]
INFO: [ template_filter ] --END-- [ RunTime:0.000123s ]
INFO: Run Behavior\ParseTemplateBehavior [ RunTime:0.006180s ]
INFO: [ view_parse ] --END-- [ RunTime:0.006259s ]
INFO: [ view_filter ] --START--
INFO: Run Behavior\WriteHtmlCacheBehavior [ RunTime:0.000280s ]
INFO: [ view_filter ] --END-- [ RunTime:0.000343s ]
INFO: [ app_end ] --START--
INFO: Run Behavior\ShowPageTraceBehavior [ RunTime:0.000715s ]
INFO: [ app_end ] --END-- [ RunTime:0.000781s ]

[ 2019-04-16T08:31:57+08:00 ] 127.0.0.1 /index.php/admin/index
INFO: [ app_init ] --START--
INFO: Run Behavior\BuildLiteBehavior [ RunTime:0.000023s ]
INFO: [ app_init ] --END-- [ RunTime:0.000455s ]
INFO: [ app_begin ] --START--
INFO: Run Behavior\ReadHtmlCacheBehavior [ RunTime:0.000467s ]
INFO: [ app_begin ] --END-- [ RunTime:0.000547s ]
INFO: [ view_parse ] --START--
INFO: [ template_filter ] --START--
INFO: Run Behavior\ContentReplaceBehavior [ RunTime:0.000100s ]
INFO: [ template_filter ] --END-- [ RunTime:0.000248s ]
INFO: Run Behavior\ParseTemplateBehavior [ RunTime:0.049466s ]
INFO: [ view_parse ] --END-- [ RunTime:0.049550s ]
INFO: [ view_filter ] --START--
INFO: Run Behavior\WriteHtmlCacheBehavior [ RunTime:0.000294s ]
INFO: [ view_filter ] --END-- [ RunTime:0.000357s ]
INFO: [ app_end ] --START--
INFO: Run Behavior\ShowPageTraceBehavior [ RunTime:0.000733s ]
INFO: [ app_end ] --END-- [ RunTime:0.000798s ]

[ 2019-04-16T08:32:01+08:00 ] 127.0.0.1 /index.php/admin/user/index
INFO: [ app_init ] --START--
INFO: Run Behavior\BuildLiteBehavior [ RunTime:0.000018s ]
INFO: [ app_init ] --END-- [ RunTime:0.000374s ]
INFO: [ app_begin ] --START--
INFO: Run Behavior\ReadHtmlCacheBehavior [ RunTime:0.000424s ]
INFO: [ app_begin ] --END-- [ RunTime:0.000497s ]
SQL: SHOW COLUMNS FROM `bbs_user` [ RunTime:0.0025s ]
SQL: SELECT COUNT(*) AS tp_count FROM `bbs_user` LIMIT 1   [ RunTime:0.0010s ]
SQL: SELECT * FROM `bbs_user` LIMIT 0,5   [ RunTime:0.0012s ]
INFO: [ view_parse ] --START--
INFO: [ template_filter ] --START--
INFO: Run Behavior\ContentReplaceBehavior [ RunTime:0.000079s ]
INFO: [ template_filter ] --END-- [ RunTime:0.000158s ]
INFO: Run Behavior\ParseTemplateBehavior [ RunTime:0.024186s ]
INFO: [ view_parse ] --END-- [ RunTime:0.024279s ]
INFO: [ view_filter ] --START--
INFO: Run Behavior\WriteHtmlCacheBehavior [ RunTime:0.000289s ]
INFO: [ view_filter ] --END-- [ RunTime:0.000360s ]
INFO: [ app_end ] --START--
INFO: Run Behavior\ShowPageTraceBehavior [ RunTime:0.000888s ]
INFO: [ app_end ] --END-- [ RunTime:0.000978s ]

[ 2019-04-16T08:42:50+08:00 ] 127.0.0.1 /index.php/admin/post/index
INFO: [ app_init ] --START--
INFO: Run Behavior\BuildLiteBehavior [ RunTime:0.000020s ]
INFO: [ app_init ] --END-- [ RunTime:0.000466s ]
INFO: [ app_begin ] --START--
INFO: Run Behavior\ReadHtmlCacheBehavior [ RunTime:0.000714s ]
INFO: [ app_begin ] --END-- [ RunTime:0.000798s ]
SQL: SHOW COLUMNS FROM `bbs_post` [ RunTime:0.0011s ]
SQL: SELECT COUNT(*) AS tp_count FROM `bbs_post` LIMIT 1   [ RunTime:0.0005s ]
SQL: SELECT * FROM `bbs_post` LIMIT 0,3   [ RunTime:0.0010s ]
SQL: SELECT `pid`,`uid` FROM `bbs_post`  [ RunTime:0.0007s ]
SQL: SHOW COLUMNS FROM `bbs_user` [ RunTime:0.0022s ]
SQL: SELECT `uid`,`uname` FROM `bbs_user` WHERE `uid` IN ('12','1','8')  [ RunTime:0.0008s ]
SQL: SHOW COLUMNS FROM `bbs_cate` [ RunTime:0.0031s ]
SQL: SELECT * FROM `bbs_cate`  [ RunTime:0.0006s ]
SQL: SHOW COLUMNS FROM `bbs_part` [ RunTime:0.0008s ]
SQL: SELECT * FROM `bbs_part`  [ RunTime:0.0005s ]
INFO: [ view_parse ] --START--
INFO: [ template_filter ] --START--
INFO: Run Behavior\ContentReplaceBehavior [ RunTime:0.000107s ]
INFO: [ template_filter ] --END-- [ RunTime:0.000185s ]
INFO: Run Behavior\ParseTemplateBehavior [ RunTime:0.011572s ]
INFO: [ view_parse ] --END-- [ RunTime:0.011666s ]
INFO: [ view_filter ] --START--
INFO: Run Behavior\WriteHtmlCacheBehavior [ RunTime:0.000704s ]
INFO: [ view_filter ] --END-- [ RunTime:0.000776s ]
INFO: [ app_end ] --START--
INFO: Run Behavior\ShowPageTraceBehavior [ RunTime:0.001403s ]
INFO: [ app_end ] --END-- [ RunTime:0.001655s ]

[ 2019-04-16T08:42:53+08:00 ] 127.0.0.1 /index.php/admin/Post/addJing/pid/2
INFO: [ app_init ] --START--
INFO: Run Behavior\BuildLiteBehavior [ RunTime:0.000020s ]
INFO: [ app_init ] --END-- [ RunTime:0.000403s ]
INFO: [ app_begin ] --START--
INFO: Run Behavior\ReadHtmlCacheBehavior [ RunTime:0.000504s ]
INFO: [ app_begin ] --END-- [ RunTime:0.000604s ]
SQL: SHOW COLUMNS FROM `bbs_post` [ RunTime:0.0013s ]
SQL: UPDATE `bbs_post` SET `is_jing`='1' WHERE ( pid=2 ) [ RunTime:0.0010s ]
INFO: [ app_end ] --START--
INFO: Run Behavior\ShowPageTraceBehavior [ RunTime:0.001010s ]
INFO: [ app_end ] --END-- [ RunTime:0.001102s ]

[ 2019-04-16T08:42:53+08:00 ] 127.0.0.1 /index.php/admin/post
INFO: [ app_init ] --START--
INFO: Run Behavior\BuildLiteBehavior [ RunTime:0.000053s ]
INFO: [ app_init ] --END-- [ RunTime:0.000844s ]
INFO: [ app_begin ] --START--
INFO: Run Behavior\ReadHtmlCacheBehavior [ RunTime:0.000694s ]
INFO: [ app_begin ] --END-- [ RunTime:0.000808s ]
SQL: SHOW COLUMNS FROM `bbs_post` [ RunTime:0.0029s ]
SQL: SELECT COUNT(*) AS tp_count FROM `bbs_post` LIMIT 1   [ RunTime:0.0010s ]
SQL: SELECT * FROM `bbs_post` LIMIT 0,3   [ RunTime:0.0023s ]
SQL: SELECT `pid`,`uid` FROM `bbs_post`  [ RunTime:0.0013s ]
SQL: SHOW COLUMNS FROM `bbs_user` [ RunTime:0.0017s ]
SQL: SELECT `uid`,`uname` FROM `bbs_user` WHERE `uid` IN ('12','1','8')  [ RunTime:0.0025s ]
SQL: SHOW COLUMNS FROM `bbs_cate` [ RunTime:0.0041s ]
SQL: SELECT * FROM `bbs_cate`  [ RunTime:0.0011s ]
SQL: SHOW COLUMNS FROM `bbs_part` [ RunTime:0.0017s ]
SQL: SELECT * FROM `bbs_part`  [ RunTime:0.0009s ]
INFO: [ view_parse ] --START--
INFO: [ template_filter ] --START--
INFO: Run Behavior\ContentReplaceBehavior [ RunTime:0.000132s ]
INFO: [ template_filter ] --END-- [ RunTime:0.000345s ]
INFO: Run Behavior\ParseTemplateBehavior [ RunTime:0.011066s ]
INFO: [ view_parse ] --END-- [ RunTime:0.011153s ]
INFO: [ view_filter ] --START--
INFO: Run Behavior\WriteHtmlCacheBehavior [ RunTime:0.000564s ]
INFO: [ view_filter ] --END-- [ RunTime:0.000630s ]
INFO: [ app_end ] --START--
INFO: Run Behavior\ShowPageTraceBehavior [ RunTime:0.001274s ]
INFO: [ app_end ] --END-- [ RunTime:0.001381s ]

[ 2019-04-16T08:42:58+08:00 ] 127.0.0.1 /index.php/admin/Post/rmJing/pid/2
INFO: [ app_init ] --START--
INFO: Run Behavior\BuildLiteBehavior [ RunTime:0.000018s ]
INFO: [ app_init ] --END-- [ RunTime:0.000395s ]
INFO: [ app_begin ] --START--
INFO: Run Behavior\ReadHtmlCacheBehavior [ RunTime:0.000434s ]
INFO: [ app_begin ] --END-- [ RunTime:0.000503s ]
SQL: SHOW COLUMNS FROM `bbs_post` [ RunTime:0.0019s ]
SQL: UPDATE `bbs_post` SET `is_jing`='0' WHERE ( pid=2 ) [ RunTime:0.0006s ]
INFO: [ app_end ] --START--
INFO: Run Behavior\ShowPageTraceBehavior [ RunTime:0.000855s ]
INFO: [ app_end ] --END-- [ RunTime:0.000928s ]

[ 2019-04-16T08:42:58+08:00 ] 127.0.0.1 /index.php/admin/post
INFO: [ app_init ] --START--
INFO: Run Behavior\BuildLiteBehavior [ RunTime:0.000019s ]
INFO: [ app_init ] --END-- [ RunTime:0.000408s ]
INFO: [ app_begin ] --START--
INFO: Run Behavior\ReadHtmlCacheBehavior [ RunTime:0.000773s ]
INFO: [ app_begin ] --END-- [ RunTime:0.000873s ]
SQL: SHOW COLUMNS FROM `bbs_post` [ RunTime:0.0011s ]
SQL: SELECT COUNT(*) AS tp_count FROM `bbs_post` LIMIT 1   [ RunTime:0.0005s ]
SQL: SELECT * FROM `bbs_post` LIMIT 0,3   [ RunTime:0.0024s ]
SQL: SELECT `pid`,`uid` FROM `bbs_post`  [ RunTime:0.0010s ]
SQL: SHOW COLUMNS FROM `bbs_user` [ RunTime:0.0015s ]
SQL: SELECT `uid`,`uname` FROM `bbs_user` WHERE `uid` IN ('12','1','8')  [ RunTime:0.0007s ]
SQL: SHOW COLUMNS FROM `bbs_cate` [ RunTime:0.0012s ]
SQL: SELECT * FROM `bbs_cate`  [ RunTime:0.0008s ]
SQL: SHOW COLUMNS FROM `bbs_part` [ RunTime:0.0012s ]
SQL: SELECT * FROM `bbs_part`  [ RunTime:0.0006s ]
INFO: [ view_parse ] --START--
INFO: [ template_filter ] --START--
INFO: Run Behavior\ContentReplaceBehavior [ RunTime:0.000089s ]
INFO: [ template_filter ] --END-- [ RunTime:0.000174s ]
INFO: Run Behavior\ParseTemplateBehavior [ RunTime:0.010114s ]
INFO: [ view_parse ] --END-- [ RunTime:0.010197s ]
INFO: [ view_filter ] --START--
INFO: Run Behavior\WriteHtmlCacheBehavior [ RunTime:0.000555s ]
INFO: [ view_filter ] --END-- [ RunTime:0.000622s ]
INFO: [ app_end ] --START--
INFO: Run Behavior\ShowPageTraceBehavior [ RunTime:0.000877s ]
INFO: [ app_end ] --END-- [ RunTime:0.000964s ]

[ 2019-04-16T08:42:59+08:00 ] 127.0.0.1 /index.php/admin/Post/addJing/pid/3
INFO: [ app_init ] --START--
INFO: Run Behavior\BuildLiteBehavior [ RunTime:0.000017s ]
INFO: [ app_init ] --END-- [ RunTime:0.000403s ]
INFO: [ app_begin ] --START--
INFO: Run Behavior\ReadHtmlCacheBehavior [ RunTime:0.000432s ]
INFO: [ app_begin ] --END-- [ RunTime:0.000504s ]
SQL: SHOW COLUMNS FROM `bbs_post` [ RunTime:0.0012s ]
SQL: UPDATE `bbs_post` SET `is_jing`='1' WHERE ( pid=3 ) [ RunTime:0.0006s ]
INFO: [ app_end ] --START--
INFO: Run Behavior\ShowPageTraceBehavior [ RunTime:0.000880s ]
INFO: [ app_end ] --END-- [ RunTime:0.000950s ]

[ 2019-04-16T08:42:59+08:00 ] 127.0.0.1 /index.php/admin/post
INFO: [ app_init ] --START--
INFO: Run Behavior\BuildLiteBehavior [ RunTime:0.000020s ]
INFO: [ app_init ] --END-- [ RunTime:0.000388s ]
INFO: [ app_begin ] --START--
INFO: Run Behavior\ReadHtmlCacheBehavior [ RunTime:0.000434s ]
INFO: [ app_begin ] --END-- [ RunTime:0.000502s ]
SQL: SHOW COLUMNS FROM `bbs_post` [ RunTime:0.0014s ]
SQL: SELECT COUNT(*) AS tp_count FROM `bbs_post` LIMIT 1   [ RunTime:0.0007s ]
SQL: SELECT * FROM `bbs_post` LIMIT 0,3   [ RunTime:0.0012s ]
SQL: SELECT `pid`,`uid` FROM `bbs_post`  [ RunTime:0.0006s ]
SQL: SHOW COLUMNS FROM `bbs_user` [ RunTime:0.0018s ]
SQL: SELECT `uid`,`uname` FROM `bbs_user` WHERE `uid` IN ('12','1','8')  [ RunTime:0.0015s ]
SQL: SHOW COLUMNS FROM `bbs_cate` [ RunTime:0.0024s ]
SQL: SELECT * FROM `bbs_cate`  [ RunTime:0.0009s ]
SQL: SHOW COLUMNS FROM `bbs_part` [ RunTime:0.0011s ]
SQL: SELECT * FROM `bbs_part`  [ RunTime:0.0006s ]
INFO: [ view_parse ] --START--
INFO: [ template_filter ] --START--
INFO: Run Behavior\ContentReplaceBehavior [ RunTime:0.000087s ]
INFO: [ template_filter ] --END-- [ RunTime:0.000163s ]
INFO: Run Behavior\ParseTemplateBehavior [ RunTime:0.011905s ]
INFO: [ view_parse ] --END-- [ RunTime:0.012117s ]
INFO: [ view_filter ] --START--
INFO: Run Behavior\WriteHtmlCacheBehavior [ RunTime:0.001374s ]
INFO: [ view_filter ] --END-- [ RunTime:0.001488s ]
INFO: [ app_end ] --START--
INFO: Run Behavior\ShowPageTraceBehavior [ RunTime:0.000872s ]
INFO: [ app_end ] --END-- [ RunTime:0.000966s ]

[ 2019-04-16T08:43:00+08:00 ] 127.0.0.1 /index.php/admin/Post/setTop/pid/2
INFO: [ app_init ] --START--
INFO: Run Behavior\BuildLiteBehavior [ RunTime:0.000018s ]
INFO: [ app_init ] --END-- [ RunTime:0.000393s ]
INFO: [ app_begin ] --START--
INFO: Run Behavior\ReadHtmlCacheBehavior [ RunTime:0.000433s ]
INFO: [ app_begin ] --END-- [ RunTime:0.000502s ]
SQL: SHOW COLUMNS FROM `bbs_post` [ RunTime:0.0009s ]
SQL: UPDATE `bbs_post` SET `is_top`='1' WHERE ( pid=2 ) [ RunTime:0.0009s ]
INFO: [ app_end ] --START--
INFO: Run Behavior\ShowPageTraceBehavior [ RunTime:0.000850s ]
INFO: [ app_end ] --END-- [ RunTime:0.000927s ]

[ 2019-04-16T08:43:00+08:00 ] 127.0.0.1 /index.php/admin/post
INFO: [ app_init ] --START--
INFO: Run Behavior\BuildLiteBehavior [ RunTime:0.000018s ]
INFO: [ app_init ] --END-- [ RunTime:0.000382s ]
INFO: [ app_begin ] --START--
INFO: Run Behavior\ReadHtmlCacheBehavior [ RunTime:0.000429s ]
INFO: [ app_begin ] --END-- [ RunTime:0.000501s ]
SQL: SHOW COLUMNS FROM `bbs_post` [ RunTime:0.0013s ]
SQL: SELECT COUNT(*) AS tp_count FROM `bbs_post` LIMIT 1   [ RunTime:0.0008s ]
SQL: SELECT * FROM `bbs_post` LIMIT 0,3   [ RunTime:0.0011s ]
SQL: SELECT `pid`,`uid` FROM `bbs_post`  [ RunTime:0.0009s ]
SQL: SHOW COLUMNS FROM `bbs_user` [ RunTime:0.0030s ]
SQL: SELECT `uid`,`uname` FROM `bbs_user` WHERE `uid` IN ('12','1','8')  [ RunTime:0.0011s ]
SQL: SHOW COLUMNS FROM `bbs_cate` [ RunTime:0.0032s ]
SQL: SELECT * FROM `bbs_cate`  [ RunTime:0.0007s ]
SQL: SHOW COLUMNS FROM `bbs_part` [ RunTime:0.0010s ]
SQL: SELECT * FROM `bbs_part`  [ RunTime:0.0006s ]
INFO: [ view_parse ] --START--
INFO: [ template_filter ] --START--
INFO: Run Behavior\ContentReplaceBehavior [ RunTime:0.000102s ]
INFO: [ template_filter ] --END-- [ RunTime:0.000190s ]
INFO: Run Behavior\ParseTemplateBehavior [ RunTime:0.009785s ]
INFO: [ view_parse ] --END-- [ RunTime:0.009872s ]
INFO: [ view_filter ] --START--
INFO: Run Behavior\WriteHtmlCacheBehavior [ RunTime:0.000614s ]
INFO: [ view_filter ] --END-- [ RunTime:0.000686s ]
INFO: [ app_end ] --START--
INFO: Run Behavior\ShowPageTraceBehavior [ RunTime:0.000950s ]
INFO: [ app_end ] --END-- [ RunTime:0.001105s ]

[ 2019-04-16T08:43:00+08:00 ] 127.0.0.1 /index.php/admin/Post/addJing/pid/2
INFO: [ app_init ] --START--
INFO: Run Behavior\BuildLiteBehavior [ RunTime:0.000018s ]
INFO: [ app_init ] --END-- [ RunTime:0.000420s ]
INFO: [ app_begin ] --START--
INFO: Run Behavior\ReadHtmlCacheBehavior [ RunTime:0.000435s ]
INFO: [ app_begin ] --END-- [ RunTime:0.000505s ]
SQL: SHOW COLUMNS FROM `bbs_post` [ RunTime:0.0020s ]
SQL: UPDATE `bbs_post` SET `is_jing`='1' WHERE ( pid=2 ) [ RunTime:0.0010s ]
INFO: [ app_end ] --START--
INFO: Run Behavior\ShowPageTraceBehavior [ RunTime:0.000872s ]
INFO: [ app_end ] --END-- [ RunTime:0.000942s ]

[ 2019-04-16T08:43:00+08:00 ] 127.0.0.1 /index.php/admin/post
INFO: [ app_init ] --START--
INFO: Run Behavior\BuildLiteBehavior [ RunTime:0.000028s ]
INFO: [ app_init ] --END-- [ RunTime:0.000527s ]
INFO: [ app_begin ] --START--
INFO: Run Behavior\ReadHtmlCacheBehavior [ RunTime:0.000641s ]
INFO: [ app_begin ] --END-- [ RunTime:0.000721s ]
SQL: SHOW COLUMNS FROM `bbs_post` [ RunTime:0.0016s ]
SQL: SELECT COUNT(*) AS tp_count FROM `bbs_post` LIMIT 1   [ RunTime:0.0012s ]
SQL: SELECT * FROM `bbs_post` LIMIT 0,3   [ RunTime:0.0018s ]
SQL: SELECT `pid`,`uid` FROM `bbs_post`  [ RunTime:0.0010s ]
SQL: SHOW COLUMNS FROM `bbs_user` [ RunTime:0.0036s ]
SQL: SELECT `uid`,`uname` FROM `bbs_user` WHERE `uid` IN ('12','1','8')  [ RunTime:0.0016s ]
SQL: SHOW COLUMNS FROM `bbs_cate` [ RunTime:0.0016s ]
SQL: SELECT * FROM `bbs_cate`  [ RunTime:0.0009s ]
SQL: SHOW COLUMNS FROM `bbs_part` [ RunTime:0.0012s ]
SQL: SELECT * FROM `bbs_part`  [ RunTime:0.0009s ]
INFO: [ view_parse ] --START--
INFO: [ template_filter ] --START--
INFO: Run Behavior\ContentReplaceBehavior [ RunTime:0.000112s ]
INFO: [ template_filter ] --END-- [ RunTime:0.000244s ]
INFO: Run Behavior\ParseTemplateBehavior [ RunTime:0.010493s ]
INFO: [ view_parse ] --END-- [ RunTime:0.010579s ]
INFO: [ view_filter ] --START--
INFO: Run Behavior\WriteHtmlCacheBehavior [ RunTime:0.000445s ]
INFO: [ view_filter ] --END-- [ RunTime:0.000517s ]
INFO: [ app_end ] --START--
INFO: Run Behavior\ShowPageTraceBehavior [ RunTime:0.001570s ]
INFO: [ app_end ] --END-- [ RunTime:0.001733s ]

[ 2019-04-16T08:43:51+08:00 ] 127.0.0.1 /index.php/admin/Post/no_display/pid/1
INFO: [ app_init ] --START--
INFO: Run Behavior\BuildLiteBehavior [ RunTime:0.000018s ]
INFO: [ app_init ] --END-- [ RunTime:0.000456s ]
INFO: [ app_begin ] --START--
INFO: Run Behavior\ReadHtmlCacheBehavior [ RunTime:0.000681s ]
INFO: [ app_begin ] --END-- [ RunTime:0.000770s ]
SQL: SHOW COLUMNS FROM `bbs_post` [ RunTime:0.0010s ]
SQL: UPDATE `bbs_post` SET `is_display`='0' WHERE ( pid=1 ) [ RunTime:0.0013s ]
INFO: [ app_end ] --START--
INFO: Run Behavior\ShowPageTraceBehavior [ RunTime:0.001003s ]
INFO: [ app_end ] --END-- [ RunTime:0.001088s ]

[ 2019-04-16T08:43:51+08:00 ] 127.0.0.1 /index.php/admin/post
INFO: [ app_init ] --START--
INFO: Run Behavior\BuildLiteBehavior [ RunTime:0.000023s ]
INFO: [ app_init ] --END-- [ RunTime:0.000426s ]
INFO: [ app_begin ] --START--
INFO: Run Behavior\ReadHtmlCacheBehavior [ RunTime:0.000684s ]
INFO: [ app_begin ] --END-- [ RunTime:0.000810s ]
SQL: SHOW COLUMNS FROM `bbs_post` [ RunTime:0.0027s ]
SQL: SELECT COUNT(*) AS tp_count FROM `bbs_post` LIMIT 1   [ RunTime:0.0008s ]
SQL: SELECT * FROM `bbs_post` LIMIT 0,3   [ RunTime:0.0016s ]
SQL: SELECT `pid`,`uid` FROM `bbs_post`  [ RunTime:0.0007s ]
SQL: SHOW COLUMNS FROM `bbs_user` [ RunTime:0.0012s ]
SQL: SELECT `uid`,`uname` FROM `bbs_user` WHERE `uid` IN ('12','1','8')  [ RunTime:0.0009s ]
SQL: SHOW COLUMNS FROM `bbs_cate` [ RunTime:0.0017s ]
SQL: SELECT * FROM `bbs_cate`  [ RunTime:0.0009s ]
SQL: SHOW COLUMNS FROM `bbs_part` [ RunTime:0.0012s ]
SQL: SELECT * FROM `bbs_part`  [ RunTime:0.0007s ]
INFO: [ view_parse ] --START--
INFO: [ template_filter ] --START--
INFO: Run Behavior\ContentReplaceBehavior [ RunTime:0.000088s ]
INFO: [ template_filter ] --END-- [ RunTime:0.000171s ]
INFO: Run Behavior\ParseTemplateBehavior [ RunTime:0.010029s ]
INFO: [ view_parse ] --END-- [ RunTime:0.010117s ]
INFO: [ view_filter ] --START--
INFO: Run Behavior\WriteHtmlCacheBehavior [ RunTime:0.000534s ]
INFO: [ view_filter ] --END-- [ RunTime:0.000611s ]
INFO: [ app_end ] --START--
INFO: Run Behavior\ShowPageTraceBehavior [ RunTime:0.001505s ]
INFO: [ app_end ] --END-- [ RunTime:0.001670s ]

[ 2019-04-16T08:43:57+08:00 ] 127.0.0.1 /index.php/admin/Post/post_display/pid/1
INFO: [ app_init ] --START--
INFO: Run Behavior\BuildLiteBehavior [ RunTime:0.000019s ]
INFO: [ app_init ] --END-- [ RunTime:0.000414s ]
INFO: [ app_begin ] --START--
INFO: Run Behavior\ReadHtmlCacheBehavior [ RunTime:0.000443s ]
INFO: [ app_begin ] --END-- [ RunTime:0.000523s ]
SQL: SHOW COLUMNS FROM `bbs_post` [ RunTime:0.0013s ]
SQL: UPDATE `bbs_post` SET `is_display`='1' WHERE ( pid=1 ) [ RunTime:0.0009s ]
INFO: [ app_end ] --START--
INFO: Run Behavior\ShowPageTraceBehavior [ RunTime:0.000802s ]
INFO: [ app_end ] --END-- [ RunTime:0.000874s ]

[ 2019-04-16T08:43:57+08:00 ] 127.0.0.1 /index.php/admin/post
INFO: [ app_init ] --START--
INFO: Run Behavior\BuildLiteBehavior [ RunTime:0.000018s ]
INFO: [ app_init ] --END-- [ RunTime:0.000405s ]
INFO: [ app_begin ] --START--
INFO: Run Behavior\ReadHtmlCacheBehavior [ RunTime:0.000454s ]
INFO: [ app_begin ] --END-- [ RunTime:0.000538s ]
SQL: SHOW COLUMNS FROM `bbs_post` [ RunTime:0.0012s ]
SQL: SELECT COUNT(*) AS tp_count FROM `bbs_post` LIMIT 1   [ RunTime:0.0004s ]
SQL: SELECT * FROM `bbs_post` LIMIT 0,3   [ RunTime:0.0008s ]
SQL: SELECT `pid`,`uid` FROM `bbs_post`  [ RunTime:0.0005s ]
SQL: SHOW COLUMNS FROM `bbs_user` [ RunTime:0.0009s ]
SQL: SELECT `uid`,`uname` FROM `bbs_user` WHERE `uid` IN ('12','1','8')  [ RunTime:0.0006s ]
SQL: SHOW COLUMNS FROM `bbs_cate` [ RunTime:0.0027s ]
SQL: SELECT * FROM `bbs_cate`  [ RunTime:0.0008s ]
SQL: SHOW COLUMNS FROM `bbs_part` [ RunTime:0.0012s ]
SQL: SELECT * FROM `bbs_part`  [ RunTime:0.0008s ]
INFO: [ view_parse ] --START--
INFO: [ template_filter ] --START--
INFO: Run Behavior\ContentReplaceBehavior [ RunTime:0.000089s ]
INFO: [ template_filter ] --END-- [ RunTime:0.000174s ]
INFO: Run Behavior\ParseTemplateBehavior [ RunTime:0.009803s ]
INFO: [ view_parse ] --END-- [ RunTime:0.009913s ]
INFO: [ view_filter ] --START--
INFO: Run Behavior\WriteHtmlCacheBehavior [ RunTime:0.000572s ]
INFO: [ view_filter ] --END-- [ RunTime:0.000636s ]
INFO: [ app_end ] --START--
INFO: Run Behavior\ShowPageTraceBehavior [ RunTime:0.000885s ]
INFO: [ app_end ] --END-- [ RunTime:0.000975s ]

[ 2019-04-16T08:43:59+08:00 ] 127.0.0.1 /index.php/Admin/Post/index/p/2.html
INFO: [ app_init ] --START--
INFO: Run Behavior\BuildLiteBehavior [ RunTime:0.000020s ]
INFO: [ app_init ] --END-- [ RunTime:0.000482s ]
INFO: [ app_begin ] --START--
INFO: Run Behavior\ReadHtmlCacheBehavior [ RunTime:0.000468s ]
INFO: [ app_begin ] --END-- [ RunTime:0.000551s ]
SQL: SHOW COLUMNS FROM `bbs_post` [ RunTime:0.0017s ]
SQL: SELECT COUNT(*) AS tp_count FROM `bbs_post` LIMIT 1   [ RunTime:0.0009s ]
SQL: SELECT * FROM `bbs_post` LIMIT 3,3   [ RunTime:0.0013s ]
SQL: SELECT `pid`,`uid` FROM `bbs_post`  [ RunTime:0.0009s ]
SQL: SHOW COLUMNS FROM `bbs_user` [ RunTime:0.0015s ]
SQL: SELECT `uid`,`uname` FROM `bbs_user` WHERE `uid` IN ('12','1','8')  [ RunTime:0.0010s ]
SQL: SHOW COLUMNS FROM `bbs_cate` [ RunTime:0.0023s ]
SQL: SELECT * FROM `bbs_cate`  [ RunTime:0.0014s ]
SQL: SHOW COLUMNS FROM `bbs_part` [ RunTime:0.0014s ]
SQL: SELECT * FROM `bbs_part`  [ RunTime:0.0008s ]
INFO: [ view_parse ] --START--
INFO: [ template_filter ] --START--
INFO: Run Behavior\ContentReplaceBehavior [ RunTime:0.000091s ]
INFO: [ template_filter ] --END-- [ RunTime:0.000179s ]
INFO: Run Behavior\ParseTemplateBehavior [ RunTime:0.009431s ]
INFO: [ view_parse ] --END-- [ RunTime:0.009519s ]
INFO: [ view_filter ] --START--
INFO: Run Behavior\WriteHtmlCacheBehavior [ RunTime:0.000615s ]
INFO: [ view_filter ] --END-- [ RunTime:0.000687s ]
INFO: [ app_end ] --START--
INFO: Run Behavior\ShowPageTraceBehavior [ RunTime:0.001579s ]
INFO: [ app_end ] --END-- [ RunTime:0.001772s ]

[ 2019-04-16T08:44:02+08:00 ] 127.0.0.1 /index.php/admin/Post/no_display/pid/8
INFO: [ app_init ] --START--
INFO: Run Behavior\BuildLiteBehavior [ RunTime:0.000017s ]
INFO: [ app_init ] --END-- [ RunTime:0.000387s ]
INFO: [ app_begin ] --START--
INFO: Run Behavior\ReadHtmlCacheBehavior [ RunTime:0.000450s ]
INFO: [ app_begin ] --END-- [ RunTime:0.000532s ]
SQL: SHOW COLUMNS FROM `bbs_post` [ RunTime:0.0019s ]
SQL: UPDATE `bbs_post` SET `is_display`='0' WHERE ( pid=8 ) [ RunTime:0.0015s ]
INFO: [ app_end ] --START--
INFO: Run Behavior\ShowPageTraceBehavior [ RunTime:0.000862s ]
INFO: [ app_end ] --END-- [ RunTime:0.000933s ]

[ 2019-04-16T08:44:02+08:00 ] 127.0.0.1 /index.php/admin/post
INFO: [ app_init ] --START--
INFO: Run Behavior\BuildLiteBehavior [ RunTime:0.000018s ]
INFO: [ app_init ] --END-- [ RunTime:0.000400s ]
INFO: [ app_begin ] --START--
INFO: Run Behavior\ReadHtmlCacheBehavior [ RunTime:0.000434s ]
INFO: [ app_begin ] --END-- [ RunTime:0.000513s ]
SQL: SHOW COLUMNS FROM `bbs_post` [ RunTime:0.0013s ]
SQL: SELECT COUNT(*) AS tp_count FROM `bbs_post` LIMIT 1   [ RunTime:0.0008s ]
SQL: SELECT * FROM `bbs_post` LIMIT 0,3   [ RunTime:0.0012s ]
SQL: SELECT `pid`,`uid` FROM `bbs_post`  [ RunTime:0.0009s ]
SQL: SHOW COLUMNS FROM `bbs_user` [ RunTime:0.0016s ]
SQL: SELECT `uid`,`uname` FROM `bbs_user` WHERE `uid` IN ('12','1','8')  [ RunTime:0.0013s ]
SQL: SHOW COLUMNS FROM `bbs_cate` [ RunTime:0.0027s ]
SQL: SELECT * FROM `bbs_cate`  [ RunTime:0.0015s ]
SQL: SHOW COLUMNS FROM `bbs_part` [ RunTime:0.0015s ]
SQL: SELECT * FROM `bbs_part`  [ RunTime:0.0009s ]
INFO: [ view_parse ] --START--
INFO: [ template_filter ] --START--
INFO: Run Behavior\ContentReplaceBehavior [ RunTime:0.000107s ]
INFO: [ template_filter ] --END-- [ RunTime:0.000190s ]
INFO: Run Behavior\ParseTemplateBehavior [ RunTime:0.009354s ]
INFO: [ view_parse ] --END-- [ RunTime:0.009453s ]
INFO: [ view_filter ] --START--
INFO: Run Behavior\WriteHtmlCacheBehavior [ RunTime:0.000673s ]
INFO: [ view_filter ] --END-- [ RunTime:0.000762s ]
INFO: [ app_end ] --START--
INFO: Run Behavior\ShowPageTraceBehavior [ RunTime:0.001520s ]
INFO: [ app_end ] --END-- [ RunTime:0.001746s ]

[ 2019-04-16T09:04:45+08:00 ] 127.0.0.1 /index.php/admin/index
INFO: [ app_init ] --START--
INFO: Run Behavior\BuildLiteBehavior [ RunTime:0.000018s ]
INFO: [ app_init ] --END-- [ RunTime:0.000415s ]
INFO: [ app_begin ] --START--
INFO: Run Behavior\ReadHtmlCacheBehavior [ RunTime:0.000471s ]
INFO: [ app_begin ] --END-- [ RunTime:0.000566s ]
INFO: [ view_parse ] --START--
INFO: [ template_filter ] --START--
INFO: Run Behavior\ContentReplaceBehavior [ RunTime:0.000077s ]
INFO: [ template_filter ] --END-- [ RunTime:0.000166s ]
INFO: Run Behavior\ParseTemplateBehavior [ RunTime:0.016981s ]
INFO: [ view_parse ] --END-- [ RunTime:0.017078s ]
INFO: [ view_filter ] --START--
INFO: Run Behavior\WriteHtmlCacheBehavior [ RunTime:0.000612s ]
INFO: [ view_filter ] --END-- [ RunTime:0.000686s ]
INFO: [ app_end ] --START--
INFO: Run Behavior\ShowPageTraceBehavior [ RunTime:0.003121s ]
INFO: [ app_end ] --END-- [ RunTime:0.003223s ]

[ 2019-04-16T09:06:04+08:00 ] 127.0.0.1 /index.php/admin/index
INFO: [ app_init ] --START--
INFO: Run Behavior\BuildLiteBehavior [ RunTime:0.000017s ]
INFO: [ app_init ] --END-- [ RunTime:0.000378s ]
INFO: [ app_begin ] --START--
INFO: Run Behavior\ReadHtmlCacheBehavior [ RunTime:0.000630s ]
INFO: [ app_begin ] --END-- [ RunTime:0.000705s ]
INFO: [ view_parse ] --START--
INFO: [ template_filter ] --START--
INFO: Run Behavior\ContentReplaceBehavior [ RunTime:0.000078s ]
INFO: [ template_filter ] --END-- [ RunTime:0.000183s ]
INFO: Run Behavior\ParseTemplateBehavior [ RunTime:0.008800s ]
INFO: [ view_parse ] --END-- [ RunTime:0.008900s ]
INFO: [ view_filter ] --START--
INFO: Run Behavior\WriteHtmlCacheBehavior [ RunTime:0.000541s ]
INFO: [ view_filter ] --END-- [ RunTime:0.000621s ]
INFO: [ app_end ] --START--
INFO: Run Behavior\ShowPageTraceBehavior [ RunTime:0.000753s ]
INFO: [ app_end ] --END-- [ RunTime:0.000821s ]

[ 2019-04-16T09:09:49+08:00 ] 127.0.0.1 /index.php/admin/user/index
INFO: [ app_init ] --START--
INFO: Run Behavior\BuildLiteBehavior [ RunTime:0.000020s ]
INFO: [ app_init ] --END-- [ RunTime:0.000495s ]
INFO: [ app_begin ] --START--
INFO: Run Behavior\ReadHtmlCacheBehavior [ RunTime:0.000678s ]
INFO: [ app_begin ] --END-- [ RunTime:0.000758s ]
SQL: SHOW COLUMNS FROM `bbs_user` [ RunTime:0.0013s ]
SQL: SELECT COUNT(*) AS tp_count FROM `bbs_user` LIMIT 1   [ RunTime:0.0006s ]
SQL: SELECT * FROM `bbs_user` LIMIT 0,5   [ RunTime:0.0014s ]
INFO: [ view_parse ] --START--
INFO: [ template_filter ] --START--
INFO: Run Behavior\ContentReplaceBehavior [ RunTime:0.000081s ]
INFO: [ template_filter ] --END-- [ RunTime:0.000209s ]
INFO: Run Behavior\ParseTemplateBehavior [ RunTime:0.010470s ]
INFO: [ view_parse ] --END-- [ RunTime:0.010556s ]
INFO: [ view_filter ] --START--
INFO: Run Behavior\WriteHtmlCacheBehavior [ RunTime:0.000549s ]
INFO: [ view_filter ] --END-- [ RunTime:0.000616s ]
INFO: [ app_end ] --START--
INFO: Run Behavior\ShowPageTraceBehavior [ RunTime:0.001459s ]
INFO: [ app_end ] --END-- [ RunTime:0.001664s ]

