[ 2019-04-14T17:06:34+08:00 ] 127.0.0.1 /admin
INFO: [ app_init ] --START--
INFO: Run Behavior\BuildLiteBehavior [ RunTime:0.000029s ]
INFO: [ app_init ] --END-- [ RunTime:0.000569s ]
INFO: [ app_begin ] --START--
INFO: Run Behavior\ReadHtmlCacheBehavior [ RunTime:0.000724s ]
INFO: [ app_begin ] --END-- [ RunTime:0.000838s ]
INFO: [ view_parse ] --START--
INFO: [ template_filter ] --START--
INFO: Run Behavior\ContentReplaceBehavior [ RunTime:0.000069s ]
INFO: [ template_filter ] --END-- [ RunTime:0.000152s ]
INFO: Run Behavior\ParseTemplateBehavior [ RunTime:0.010338s ]
INFO: [ view_parse ] --END-- [ RunTime:0.010471s ]
INFO: [ view_filter ] --START--
INFO: Run Behavior\WriteHtmlCacheBehavior [ RunTime:0.000458s ]
INFO: [ view_filter ] --END-- [ RunTime:0.000524s ]
INFO: [ app_end ] --START--
INFO: Run Behavior\ShowPageTraceBehavior [ RunTime:0.000837s ]
INFO: [ app_end ] --END-- [ RunTime:0.000926s ]

[ 2019-04-14T17:06:37+08:00 ] 127.0.0.1 /index.php/admin/cate/create
INFO: [ app_init ] --START--
INFO: Run Behavior\BuildLiteBehavior [ RunTime:0.000015s ]
INFO: [ app_init ] --END-- [ RunTime:0.000324s ]
INFO: [ app_begin ] --START--
INFO: Run Behavior\ReadHtmlCacheBehavior [ RunTime:0.000355s ]
INFO: [ app_begin ] --END-- [ RunTime:0.000413s ]
NOTIC: [2] Declaration of Admin\Controller\CateController::show() should be compatible with Think\Controller::show($content, $charset = '', $contentType = '', $prefix = '') D:\xdl\wamp64\www\guangz47\mybbs\Application\Admin\Controller\CateController.class.php 第 6 行.
SQL: SHOW COLUMNS FROM `bbs_part` [ RunTime:0.0023s ]
SQL: SELECT * FROM `bbs_part`  [ RunTime:0.0007s ]
SQL: SHOW COLUMNS FROM `bbs_user` [ RunTime:0.0012s ]
SQL: SELECT * FROM `bbs_user` WHERE ( auth<=2 )  [ RunTime:0.0009s ]
INFO: [ view_parse ] --START--
INFO: [ template_filter ] --START--
INFO: Run Behavior\ContentReplaceBehavior [ RunTime:0.000073s ]
INFO: [ template_filter ] --END-- [ RunTime:0.000818s ]
INFO: Run Behavior\ParseTemplateBehavior [ RunTime:0.023409s ]
INFO: [ view_parse ] --END-- [ RunTime:0.023543s ]
INFO: [ view_filter ] --START--
INFO: Run Behavior\WriteHtmlCacheBehavior [ RunTime:0.000562s ]
INFO: [ view_filter ] --END-- [ RunTime:0.000651s ]
INFO: [ app_end ] --START--
INFO: Run Behavior\ShowPageTraceBehavior [ RunTime:0.000828s ]
INFO: [ app_end ] --END-- [ RunTime:0.000919s ]

[ 2019-04-14T17:06:52+08:00 ] 127.0.0.1 /index.php/admin/cate/save
INFO: [ app_init ] --START--
INFO: Run Behavior\BuildLiteBehavior [ RunTime:0.000035s ]
INFO: [ app_init ] --END-- [ RunTime:0.000709s ]
INFO: [ app_begin ] --START--
INFO: Run Behavior\ReadHtmlCacheBehavior [ RunTime:0.004296s ]
INFO: [ app_begin ] --END-- [ RunTime:0.004510s ]
NOTIC: [2] Declaration of Admin\Controller\CateController::show() should be compatible with Think\Controller::show($content, $charset = '', $contentType = '', $prefix = '') D:\xdl\wamp64\www\guangz47\mybbs\Application\Admin\Controller\CateController.class.php 第 6 行.
SQL: SHOW COLUMNS FROM `bbs_cate` [ RunTime:0.0014s ]
SQL: INSERT INTO `bbs_cate` (`pid`,`cname`,`uid`) VALUES ('5','社会新闻','12') [ RunTime:0.0667s ]
INFO: [ view_parse ] --START--
INFO: [ template_filter ] --START--
INFO: Run Behavior\ContentReplaceBehavior [ RunTime:0.000068s ]
INFO: [ template_filter ] --END-- [ RunTime:0.000191s ]
INFO: Run Behavior\ParseTemplateBehavior [ RunTime:0.011132s ]
INFO: [ view_parse ] --END-- [ RunTime:0.011215s ]
INFO: [ view_filter ] --START--
INFO: Run Behavior\WriteHtmlCacheBehavior [ RunTime:0.000461s ]
INFO: [ view_filter ] --END-- [ RunTime:0.000528s ]
INFO: [ app_end ] --START--
INFO: Run Behavior\ShowPageTraceBehavior [ RunTime:0.000730s ]
INFO: [ app_end ] --END-- [ RunTime:0.000788s ]

[ 2019-04-14T17:06:53+08:00 ] 127.0.0.1 /index.php/admin/cate
INFO: [ app_init ] --START--
INFO: Run Behavior\BuildLiteBehavior [ RunTime:0.000015s ]
INFO: [ app_init ] --END-- [ RunTime:0.000319s ]
INFO: [ app_begin ] --START--
INFO: Run Behavior\ReadHtmlCacheBehavior [ RunTime:0.000429s ]
INFO: [ app_begin ] --END-- [ RunTime:0.000492s ]
NOTIC: [2] Declaration of Admin\Controller\CateController::show() should be compatible with Think\Controller::show($content, $charset = '', $contentType = '', $prefix = '') D:\xdl\wamp64\www\guangz47\mybbs\Application\Admin\Controller\CateController.class.php 第 6 行.
SQL: SHOW COLUMNS FROM `bbs_cate` [ RunTime:0.0013s ]
SQL: SELECT * FROM `bbs_cate`  [ RunTime:0.0006s ]
SQL: SELECT `pid` FROM `bbs_cate`  [ RunTime:0.0005s ]
SQL: SELECT `uid` FROM `bbs_cate`  [ RunTime:0.0006s ]
SQL: SHOW COLUMNS FROM `bbs_part` [ RunTime:0.0009s ]
SQL: SELECT `pid`,`pname` FROM `bbs_part` WHERE ( pid in (1,2,4,5) )  [ RunTime:0.0006s ]
SQL: SHOW COLUMNS FROM `bbs_user` [ RunTime:0.0010s ]
SQL: SELECT `uid`,`uname` FROM `bbs_user` WHERE ( uid in (1,12,5,26,8) )  [ RunTime:0.0009s ]
INFO: [ view_parse ] --START--
INFO: [ template_filter ] --START--
INFO: Run Behavior\ContentReplaceBehavior [ RunTime:0.000053s ]
INFO: [ template_filter ] --END-- [ RunTime:0.000128s ]
INFO: Run Behavior\ParseTemplateBehavior [ RunTime:0.033960s ]
INFO: [ view_parse ] --END-- [ RunTime:0.034079s ]
INFO: [ view_filter ] --START--
INFO: Run Behavior\WriteHtmlCacheBehavior [ RunTime:0.001137s ]
INFO: [ view_filter ] --END-- [ RunTime:0.001325s ]
INFO: [ app_end ] --START--
INFO: Run Behavior\ShowPageTraceBehavior [ RunTime:0.001908s ]
INFO: [ app_end ] --END-- [ RunTime:0.002083s ]

[ 2019-04-14T17:06:53+08:00 ] 127.0.0.1 /index.php/admin/cate
INFO: [ app_init ] --START--
INFO: Run Behavior\BuildLiteBehavior [ RunTime:0.000026s ]
INFO: [ app_init ] --END-- [ RunTime:0.000496s ]
INFO: [ app_begin ] --START--
INFO: Run Behavior\ReadHtmlCacheBehavior [ RunTime:0.000514s ]
INFO: [ app_begin ] --END-- [ RunTime:0.001047s ]
NOTIC: [2] Declaration of Admin\Controller\CateController::show() should be compatible with Think\Controller::show($content, $charset = '', $contentType = '', $prefix = '') D:\xdl\wamp64\www\guangz47\mybbs\Application\Admin\Controller\CateController.class.php 第 6 行.
SQL: SHOW COLUMNS FROM `bbs_cate` [ RunTime:0.0020s ]
SQL: SELECT * FROM `bbs_cate`  [ RunTime:0.0011s ]
SQL: SELECT `pid` FROM `bbs_cate`  [ RunTime:0.0032s ]
SQL: SELECT `uid` FROM `bbs_cate`  [ RunTime:0.0021s ]
SQL: SHOW COLUMNS FROM `bbs_part` [ RunTime:0.0020s ]
SQL: SELECT `pid`,`pname` FROM `bbs_part` WHERE ( pid in (1,2,4,5) )  [ RunTime:0.0010s ]
SQL: SHOW COLUMNS FROM `bbs_user` [ RunTime:0.0011s ]
SQL: SELECT `uid`,`uname` FROM `bbs_user` WHERE ( uid in (1,12,5,26,8) )  [ RunTime:0.0009s ]
INFO: [ view_parse ] --START--
INFO: [ template_filter ] --START--
INFO: Run Behavior\ContentReplaceBehavior [ RunTime:0.000061s ]
INFO: [ template_filter ] --END-- [ RunTime:0.000149s ]
INFO: Run Behavior\ParseTemplateBehavior [ RunTime:0.012683s ]
INFO: [ view_parse ] --END-- [ RunTime:0.012765s ]
INFO: [ view_filter ] --START--
INFO: Run Behavior\WriteHtmlCacheBehavior [ RunTime:0.000386s ]
INFO: [ view_filter ] --END-- [ RunTime:0.000439s ]
INFO: [ app_end ] --START--
INFO: Run Behavior\ShowPageTraceBehavior [ RunTime:0.001169s ]
INFO: [ app_end ] --END-- [ RunTime:0.001241s ]

[ 2019-04-14T17:06:55+08:00 ] 127.0.0.1 /index.php/admin/cate/create
INFO: [ app_init ] --START--
INFO: Run Behavior\BuildLiteBehavior [ RunTime:0.000030s ]
INFO: [ app_init ] --END-- [ RunTime:0.000358s ]
INFO: [ app_begin ] --START--
INFO: Run Behavior\ReadHtmlCacheBehavior [ RunTime:0.000377s ]
INFO: [ app_begin ] --END-- [ RunTime:0.000438s ]
NOTIC: [2] Declaration of Admin\Controller\CateController::show() should be compatible with Think\Controller::show($content, $charset = '', $contentType = '', $prefix = '') D:\xdl\wamp64\www\guangz47\mybbs\Application\Admin\Controller\CateController.class.php 第 6 行.
SQL: SHOW COLUMNS FROM `bbs_part` [ RunTime:0.0013s ]
SQL: SELECT * FROM `bbs_part`  [ RunTime:0.0013s ]
SQL: SHOW COLUMNS FROM `bbs_user` [ RunTime:0.0019s ]
SQL: SELECT * FROM `bbs_user` WHERE ( auth<=2 )  [ RunTime:0.0010s ]
INFO: [ view_parse ] --START--
INFO: [ template_filter ] --START--
INFO: Run Behavior\ContentReplaceBehavior [ RunTime:0.000083s ]
INFO: [ template_filter ] --END-- [ RunTime:0.000187s ]
INFO: Run Behavior\ParseTemplateBehavior [ RunTime:0.009342s ]
INFO: [ view_parse ] --END-- [ RunTime:0.009479s ]
INFO: [ view_filter ] --START--
INFO: Run Behavior\WriteHtmlCacheBehavior [ RunTime:0.000580s ]
INFO: [ view_filter ] --END-- [ RunTime:0.000658s ]
INFO: [ app_end ] --START--
INFO: Run Behavior\ShowPageTraceBehavior [ RunTime:0.000699s ]
INFO: [ app_end ] --END-- [ RunTime:0.000796s ]

[ 2019-04-14T17:07:03+08:00 ] 127.0.0.1 /index.php/admin/cate/save
INFO: [ app_init ] --START--
INFO: Run Behavior\BuildLiteBehavior [ RunTime:0.000017s ]
INFO: [ app_init ] --END-- [ RunTime:0.000330s ]
INFO: [ app_begin ] --START--
INFO: Run Behavior\ReadHtmlCacheBehavior [ RunTime:0.000522s ]
INFO: [ app_begin ] --END-- [ RunTime:0.000610s ]
NOTIC: [2] Declaration of Admin\Controller\CateController::show() should be compatible with Think\Controller::show($content, $charset = '', $contentType = '', $prefix = '') D:\xdl\wamp64\www\guangz47\mybbs\Application\Admin\Controller\CateController.class.php 第 6 行.
SQL: SHOW COLUMNS FROM `bbs_cate` [ RunTime:0.0015s ]
SQL: INSERT INTO `bbs_cate` (`pid`,`cname`,`uid`) VALUES ('5','娱乐新闻','8') [ RunTime:0.0534s ]
INFO: [ view_parse ] --START--
INFO: [ template_filter ] --START--
INFO: Run Behavior\ContentReplaceBehavior [ RunTime:0.000038s ]
INFO: [ template_filter ] --END-- [ RunTime:0.000099s ]
INFO: Run Behavior\ParseTemplateBehavior [ RunTime:0.008287s ]
INFO: [ view_parse ] --END-- [ RunTime:0.008541s ]
INFO: [ view_filter ] --START--
INFO: Run Behavior\WriteHtmlCacheBehavior [ RunTime:0.000426s ]
INFO: [ view_filter ] --END-- [ RunTime:0.000487s ]
INFO: [ app_end ] --START--
INFO: Run Behavior\ShowPageTraceBehavior [ RunTime:0.000555s ]
INFO: [ app_end ] --END-- [ RunTime:0.000625s ]

[ 2019-04-14T17:07:04+08:00 ] 127.0.0.1 /index.php/admin/cate
INFO: [ app_init ] --START--
INFO: Run Behavior\BuildLiteBehavior [ RunTime:0.000017s ]
INFO: [ app_init ] --END-- [ RunTime:0.000520s ]
INFO: [ app_begin ] --START--
INFO: Run Behavior\ReadHtmlCacheBehavior [ RunTime:0.000522s ]
INFO: [ app_begin ] --END-- [ RunTime:0.000647s ]
NOTIC: [2] Declaration of Admin\Controller\CateController::show() should be compatible with Think\Controller::show($content, $charset = '', $contentType = '', $prefix = '') D:\xdl\wamp64\www\guangz47\mybbs\Application\Admin\Controller\CateController.class.php 第 6 行.
SQL: SHOW COLUMNS FROM `bbs_cate` [ RunTime:0.0062s ]
SQL: SELECT * FROM `bbs_cate`  [ RunTime:0.0019s ]
SQL: SELECT `pid` FROM `bbs_cate`  [ RunTime:0.0011s ]
SQL: SELECT `uid` FROM `bbs_cate`  [ RunTime:0.0008s ]
SQL: SHOW COLUMNS FROM `bbs_part` [ RunTime:0.0021s ]
SQL: SELECT `pid`,`pname` FROM `bbs_part` WHERE ( pid in (1,2,4,5) )  [ RunTime:0.0020s ]
SQL: SHOW COLUMNS FROM `bbs_user` [ RunTime:0.0021s ]
SQL: SELECT `uid`,`uname` FROM `bbs_user` WHERE ( uid in (1,12,5,26,8) )  [ RunTime:0.0037s ]
INFO: [ view_parse ] --START--
INFO: [ template_filter ] --START--
INFO: Run Behavior\ContentReplaceBehavior [ RunTime:0.000055s ]
INFO: [ template_filter ] --END-- [ RunTime:0.000138s ]
INFO: Run Behavior\ParseTemplateBehavior [ RunTime:0.009604s ]
INFO: [ view_parse ] --END-- [ RunTime:0.009703s ]
INFO: [ view_filter ] --START--
INFO: Run Behavior\WriteHtmlCacheBehavior [ RunTime:0.000426s ]
INFO: [ view_filter ] --END-- [ RunTime:0.000480s ]
INFO: [ app_end ] --START--
INFO: Run Behavior\ShowPageTraceBehavior [ RunTime:0.000641s ]
INFO: [ app_end ] --END-- [ RunTime:0.000697s ]

